<?xml version="1.0" encoding="UTF-8"?>
<!-- Generated by org.testng.reporters.JUnitXMLReporter -->
<testsuite ignored="0" hostname="Sanjibani" failures="0" tests="4" name="Test" time="0.121" errors="0" timestamp="2022-09-12T08:44:44 PDT">
  <testcase classname="scripts.Test3" name="tc3" time="0.014"/>
  <testcase classname="scripts.Test2" name="tc2" time="0.007"/>
  <testcase classname="scripts.Test1" name="tc2" time="0.006"/>
  <testcase classname="scripts.Test0" name="tc1" time="0.01"/>
</testsuite> <!-- Test -->
