<?xml version="1.0" encoding="UTF-8"?>
<testng-results ignored="0" total="4" passed="4" failed="0" skipped="0">
  <reporter-output>
    <line>
      <![CDATA[testing]]>
    </line>
    <line>
      <![CDATA[selenium]]>
    </line>
    <line>
      <![CDATA[java]]>
    </line>
    <line>
      <![CDATA[hello]]>
    </line>
  </reporter-output>
  <suite started-at="2022-09-12T08:44:44 PDT" name="Suite" finished-at="2022-09-12T08:44:44 PDT" duration-ms="121">
    <groups>
    </groups>
    <test started-at="2022-09-12T08:44:44 PDT" name="Test" finished-at="2022-09-12T08:44:44 PDT" duration-ms="121">
      <class name="scripts.Test1">
        <test-method signature="tc2()[pri:0, instance:scripts.Test1@6c130c45]" started-at="2022-09-12T08:44:44 PDT" name="tc2" finished-at="2022-09-12T08:44:44 PDT" duration-ms="6" status="PASS">
          <reporter-output>
            <line>
              <![CDATA[java]]>
            </line>
          </reporter-output>
        </test-method> <!-- tc2 -->
      </class> <!-- scripts.Test1 -->
      <class name="scripts.Test0">
        <test-method signature="tc1()[pri:0, instance:scripts.Test0@50ad3bc1]" started-at="2022-09-12T08:44:44 PDT" name="tc1" finished-at="2022-09-12T08:44:44 PDT" duration-ms="10" status="PASS">
          <reporter-output>
            <line>
              <![CDATA[hello]]>
            </line>
          </reporter-output>
        </test-method> <!-- tc1 -->
      </class> <!-- scripts.Test0 -->
      <class name="scripts.Test3">
        <test-method signature="tc3()[pri:0, instance:scripts.Test3@1ba9117e]" started-at="2022-09-12T08:44:44 PDT" name="tc3" finished-at="2022-09-12T08:44:44 PDT" duration-ms="14" status="PASS">
          <reporter-output>
            <line>
              <![CDATA[testing]]>
            </line>
          </reporter-output>
        </test-method> <!-- tc3 -->
      </class> <!-- scripts.Test3 -->
      <class name="scripts.Test2">
        <test-method signature="tc2()[pri:0, instance:scripts.Test2@6a84a97d]" started-at="2022-09-12T08:44:44 PDT" name="tc2" finished-at="2022-09-12T08:44:44 PDT" duration-ms="7" status="PASS">
          <reporter-output>
            <line>
              <![CDATA[selenium]]>
            </line>
          </reporter-output>
        </test-method> <!-- tc2 -->
      </class> <!-- scripts.Test2 -->
    </test> <!-- Test -->
  </suite> <!-- Suite -->
</testng-results>
